<?xml version="1.0" encoding="UTF-8"?>
<!-- Generated by org.testng.reporters.JUnitReportReporter -->
<testsuite skipped="0" hostname="LAPTOP-1039A2T5" name="com.runner.cucumberrun.Tc1" tests="3" failures="0" timestamp="11 Jun 2023 13:15:30 GMT" time="22.389" errors="0">
  <testcase name="runScenario" time="3.751" classname="com.runner.cucumberrun.Tc1"/>
  <testcase name="runScenario" time="14.910" classname="com.runner.cucumberrun.Tc1"/>
  <testcase name="runScenario" time="3.728" classname="com.runner.cucumberrun.Tc1"/>
</testsuite> <!-- com.runner.cucumberrun.Tc1 -->
