<?xml version="1.0" encoding="UTF-8"?>
<!-- Generated by org.testng.reporters.JUnitReportReporter -->
<testsuite skipped="0" hostname="LAPTOP-1039A2T5" name="com.runner.cucumberrun.Tc1" tests="3" failures="0" timestamp="11 Jun 2023 13:17:29 GMT" time="21.572" errors="0">
  <testcase name="runScenario" time="3.641" classname="com.runner.cucumberrun.Tc1"/>
  <testcase name="runScenario" time="14.355" classname="com.runner.cucumberrun.Tc1"/>
  <testcase name="runScenario" time="3.576" classname="com.runner.cucumberrun.Tc1"/>
</testsuite> <!-- com.runner.cucumberrun.Tc1 -->
