<?xml version="1.0" encoding="UTF-8"?>
<!-- Generated by org.testng.reporters.JUnitReportReporter -->
<testsuite skipped="0" hostname="LAPTOP-1039A2T5" name="com.runner.cucumberrun.Tc2" tests="1" failures="0" timestamp="11 Jun 2023 13:17:29 GMT" time="13.865" errors="0">
  <testcase name="runScenario" time="13.865" classname="com.runner.cucumberrun.Tc2"/>
</testsuite> <!-- com.runner.cucumberrun.Tc2 -->
